Working on tgo_mics17
Working on sur_mics18
keepdims failed. Worker process NumPy version: 1.21.5 (PID: 42419)
keepdims failed. Worker process NumPy version: 1.21.5 (PID: 42424)
keepdims failed. Worker process NumPy version: 1.21.5 (PID: 42423)
keepdims failed. Worker process NumPy version: 1.21.5 (PID: 42420)
keepdims failed. Worker process NumPy version: 1.21.5 (PID: 42427)
keepdims failed. Worker process NumPy version: 1.21.5 (PID: 42421)
Networks estimated ... proceed to save data
keepdims failed. Worker process NumPy version: 1.21.5 (PID: 42527)
keepdims failed. Worker process NumPy version: 1.21.5 (PID: 42532)
keepdims failed. Worker process NumPy version: 1.21.5 (PID: 42535)
keepdims failed. Worker process NumPy version: 1.21.5 (PID: 42536)
keepdims failed. Worker process NumPy version: 1.21.5 (PID: 42528)
keepdims failed. Worker process NumPy version: 1.21.5 (PID: 42533)
keepdims failed. Worker process NumPy version: 1.21.5 (PID: 42534)
Networks estimated ... proceed to save data
Working on tha_mics22
keepdims failed. Worker process NumPy version: 1.21.5 (PID: 42669)
keepdims failed. Worker process NumPy version: 1.21.5 (PID: 42670)
keepdims failed. Worker process NumPy version: 1.21.5 (PID: 42668)
keepdims failed. Worker process NumPy version: 1.21.5 (PID: 42674)
Networks estimated ... proceed to save data
keepdims failed. Worker process NumPy version: 1.21.5 (PID: 42832)
keepdims failed. Worker process NumPy version: 1.21.5 (PID: 42837)
keepdims failed. Worker process NumPy version: 1.21.5 (PID: 42840)
keepdims failed. Worker process NumPy version: 1.21.5 (PID: 42831)
keepdims failed. Worker process NumPy version: 1.21.5 (PID: 42838)
keepdims failed. Worker process NumPy version: 1.21.5 (PID: 42835)
keepdims failed. Worker process NumPy version: 1.21.5 (PID: 42839)
Networks estimated ... proceed to save data
Working on zaf_dhs16
keepdims failed. Worker process NumPy version: 1.21.5 (PID: 43741)
keepdims failed. Worker process NumPy version: 1.21.5 (PID: 43739)
keepdims failed. Worker process NumPy version: 1.21.5 (PID: 43743)
keepdims failed. Worker process NumPy version: 1.21.5 (PID: 43744)
keepdims failed. Worker process NumPy version: 1.21.5 (PID: 43748)
keepdims failed. Worker process NumPy version: 1.21.5 (PID: 43745)
Networks estimated ... proceed to save data
keepdims failed. Worker process NumPy version: 1.21.5 (PID: 43874)
keepdims failed. Worker process NumPy version: 1.21.5 (PID: 43877)
keepdims failed. Worker process NumPy version: 1.21.5 (PID: 43881)
keepdims failed. Worker process NumPy version: 1.21.5 (PID: 43882)
Networks estimated ... proceed to save data
Working on com_mics22
keepdims failed. Worker process NumPy version: 1.21.5 (PID: 43953)
keepdims failed. Worker process NumPy version: 1.21.5 (PID: 43948)
keepdims failed. Worker process NumPy version: 1.21.5 (PID: 43952)
keepdims failed. Worker process NumPy version: 1.21.5 (PID: 43957)
keepdims failed. Worker process NumPy version: 1.21.5 (PID: 43955)
keepdims failed. Worker process NumPy version: 1.21.5 (PID: 43954)
Networks estimated ... proceed to save data
keepdims failed. Worker process NumPy version: 1.21.5 (PID: 44029)
keepdims failed. Worker process NumPy version: 1.21.5 (PID: 44027)
keepdims failed. Worker process NumPy version: 1.21.5 (PID: 44028)
keepdims failed. Worker process NumPy version: 1.21.5 (PID: 44030)
keepdims failed. Worker process NumPy version: 1.21.5 (PID: 44032)
keepdims failed. Worker process NumPy version: 1.21.5 (PID: 44031)
Networks estimated ... proceed to save data
Working on srb_mics19
keepdims failed. Worker process NumPy version: 1.21.5 (PID: 44129)
keepdims failed. Worker process NumPy version: 1.21.5 (PID: 44131)
keepdims failed. Worker process NumPy version: 1.21.5 (PID: 44128)
keepdims failed. Worker process NumPy version: 1.21.5 (PID: 44132)
keepdims failed. Worker process NumPy version: 1.21.5 (PID: 44133)
keepdims failed. Worker process NumPy version: 1.21.5 (PID: 44135)
keepdims failed. Worker process NumPy version: 1.21.5 (PID: 44127)
keepdims failed. Worker process NumPy version: 1.21.5 (PID: 44136)
Networks estimated ... proceed to save data
keepdims failed. Worker process NumPy version: 1.21.5 (PID: 44186)
keepdims failed. Worker process NumPy version: 1.21.5 (PID: 44193)
keepdims failed. Worker process NumPy version: 1.21.5 (PID: 44188)
keepdims failed. Worker process NumPy version: 1.21.5 (PID: 44190)
keepdims failed. Worker process NumPy version: 1.21.5 (PID: 44189)
Networks estimated ... proceed to save data
Working on pry_mics16
keepdims failed. Worker process NumPy version: 1.21.5 (PID: 44215)
keepdims failed. Worker process NumPy version: 1.21.5 (PID: 44221)
keepdims failed. Worker process NumPy version: 1.21.5 (PID: 44222)
keepdims failed. Worker process NumPy version: 1.21.5 (PID: 44217)
keepdims failed. Worker process NumPy version: 1.21.5 (PID: 44220)
keepdims failed. Worker process NumPy version: 1.21.5 (PID: 44219)
Networks estimated ... proceed to save data
keepdims failed. Worker process NumPy version: 1.21.5 (PID: 44276)
keepdims failed. Worker process NumPy version: 1.21.5 (PID: 44277)
keepdims failed. Worker process NumPy version: 1.21.5 (PID: 44282)
Networks estimated ... proceed to save data
Working on bgd_mics19
keepdims failed. Worker process NumPy version: 1.21.5 (PID: 44385)
keepdims failed. Worker process NumPy version: 1.21.5 (PID: 44386)
keepdims failed. Worker process NumPy version: 1.21.5 (PID: 44383)
Networks estimated ... proceed to save data
keepdims failed. Worker process NumPy version: 1.21.5 (PID: 45192)
keepdims failed. Worker process NumPy version: 1.21.5 (PID: 45193)
keepdims failed. Worker process NumPy version: 1.21.5 (PID: 45198)
keepdims failed. Worker process NumPy version: 1.21.5 (PID: 45190)
Networks estimated ... proceed to save data
Working on dza_mics18-19
keepdims failed. Worker process NumPy version: 1.21.5 (PID: 46247)
keepdims failed. Worker process NumPy version: 1.21.5 (PID: 46248)
keepdims failed. Worker process NumPy version: 1.21.5 (PID: 46243)
keepdims failed. Worker process NumPy version: 1.21.5 (PID: 46245)
keepdims failed. Worker process NumPy version: 1.21.5 (PID: 46244)
keepdims failed. Worker process NumPy version: 1.21.5 (PID: 46242)
keepdims failed. Worker process NumPy version: 1.21.5 (PID: 46246)
Networks estimated ... proceed to save data
keepdims failed. Worker process NumPy version: 1.21.5 (PID: 46472)
keepdims failed. Worker process NumPy version: 1.21.5 (PID: 46479)
keepdims failed. Worker process NumPy version: 1.21.5 (PID: 46473)
keepdims failed. Worker process NumPy version: 1.21.5 (PID: 46474)
Networks estimated ... proceed to save data
Working on sle_dhs19
keepdims failed. Worker process NumPy version: 1.21.5 (PID: 47031)
keepdims failed. Worker process NumPy version: 1.21.5 (PID: 47023)
keepdims failed. Worker process NumPy version: 1.21.5 (PID: 47027)
keepdims failed. Worker process NumPy version: 1.21.5 (PID: 47029)
keepdims failed. Worker process NumPy version: 1.21.5 (PID: 47032)
Networks estimated ... proceed to save data
keepdims failed. Worker process NumPy version: 1.21.5 (PID: 47730)
keepdims failed. Worker process NumPy version: 1.21.5 (PID: 47735)
keepdims failed. Worker process NumPy version: 1.21.5 (PID: 47731)
keepdims failed. Worker process NumPy version: 1.21.5 (PID: 47732)
keepdims failed. Worker process NumPy version: 1.21.5 (PID: 47733)
Networks estimated ... proceed to save data
Working on tun_mics23
keepdims failed. Worker process NumPy version: 1.21.5 (PID: 47849)
keepdims failed. Worker process NumPy version: 1.21.5 (PID: 47853)
keepdims failed. Worker process NumPy version: 1.21.5 (PID: 47847)
keepdims failed. Worker process NumPy version: 1.21.5 (PID: 47852)
keepdims failed. Worker process NumPy version: 1.21.5 (PID: 47850)
Networks estimated ... proceed to save data
keepdims failed. Worker process NumPy version: 1.21.5 (PID: 47926)
keepdims failed. Worker process NumPy version: 1.21.5 (PID: 47921)
keepdims failed. Worker process NumPy version: 1.21.5 (PID: 47925)
keepdims failed. Worker process NumPy version: 1.21.5 (PID: 47924)
keepdims failed. Worker process NumPy version: 1.21.5 (PID: 47920)
keepdims failed. Worker process NumPy version: 1.21.5 (PID: 47923)
keepdims failed. Worker process NumPy version: 1.21.5 (PID: 47922)
Networks estimated ... proceed to save data
Working on cub_mics19
keepdims failed. Worker process NumPy version: 1.21.5 (PID: 48026)
keepdims failed. Worker process NumPy version: 1.21.5 (PID: 48030)
keepdims failed. Worker process NumPy version: 1.21.5 (PID: 48027)
keepdims failed. Worker process NumPy version: 1.21.5 (PID: 48031)
Networks estimated ... proceed to save data
keepdims failed. Worker process NumPy version: 1.21.5 (PID: 48119)
keepdims failed. Worker process NumPy version: 1.21.5 (PID: 48122)
keepdims failed. Worker process NumPy version: 1.21.5 (PID: 48123)
keepdims failed. Worker process NumPy version: 1.21.5 (PID: 48124)
keepdims failed. Worker process NumPy version: 1.21.5 (PID: 48120)
keepdims failed. Worker process NumPy version: 1.21.5 (PID: 48121)
Networks estimated ... proceed to save data
Working on gnb_mics18-19
keepdims failed. Worker process NumPy version: 1.21.5 (PID: 48243)
keepdims failed. Worker process NumPy version: 1.21.5 (PID: 48242)
keepdims failed. Worker process NumPy version: 1.21.5 (PID: 48241)
keepdims failed. Worker process NumPy version: 1.21.5 (PID: 48235)
keepdims failed. Worker process NumPy version: 1.21.5 (PID: 48240)
Networks estimated ... proceed to save data
keepdims failed. Worker process NumPy version: 1.21.5 (PID: 48401)
keepdims failed. Worker process NumPy version: 1.21.5 (PID: 48400)
keepdims failed. Worker process NumPy version: 1.21.5 (PID: 48399)
keepdims failed. Worker process NumPy version: 1.21.5 (PID: 48398)
keepdims failed. Worker process NumPy version: 1.21.5 (PID: 48394)
keepdims failed. Worker process NumPy version: 1.21.5 (PID: 48395)
Networks estimated ... proceed to save data
Working on mwi_mics19-20
keepdims failed. Worker process NumPy version: 1.21.5 (PID: 48604)
keepdims failed. Worker process NumPy version: 1.21.5 (PID: 48603)
Networks estimated ... proceed to save data
keepdims failed. Worker process NumPy version: 1.21.5 (PID: 49087)
keepdims failed. Worker process NumPy version: 1.21.5 (PID: 49080)
keepdims failed. Worker process NumPy version: 1.21.5 (PID: 49088)
keepdims failed. Worker process NumPy version: 1.21.5 (PID: 49084)
Networks estimated ... proceed to save data
Working on gin_dhs18
keepdims failed. Worker process NumPy version: 1.21.5 (PID: 49594)
keepdims failed. Worker process NumPy version: 1.21.5 (PID: 49597)
keepdims failed. Worker process NumPy version: 1.21.5 (PID: 49596)
keepdims failed. Worker process NumPy version: 1.21.5 (PID: 49591)
keepdims failed. Worker process NumPy version: 1.21.5 (PID: 49593)
Networks estimated ... proceed to save data
keepdims failed. Worker process NumPy version: 1.21.5 (PID: 49700)
keepdims failed. Worker process NumPy version: 1.21.5 (PID: 49695)
keepdims failed. Worker process NumPy version: 1.21.5 (PID: 49696)
keepdims failed. Worker process NumPy version: 1.21.5 (PID: 49701)
keepdims failed. Worker process NumPy version: 1.21.5 (PID: 49698)
keepdims failed. Worker process NumPy version: 1.21.5 (PID: 49692)
Networks estimated ... proceed to save data
Working on hnd_mics19
keepdims failed. Worker process NumPy version: 1.21.5 (PID: 49791)
keepdims failed. Worker process NumPy version: 1.21.5 (PID: 49788)
keepdims failed. Worker process NumPy version: 1.21.5 (PID: 49786)
keepdims failed. Worker process NumPy version: 1.21.5 (PID: 49789)
keepdims failed. Worker process NumPy version: 1.21.5 (PID: 49790)
keepdims failed. Worker process NumPy version: 1.21.5 (PID: 49794)
Networks estimated ... proceed to save data
keepdims failed. Worker process NumPy version: 1.21.5 (PID: 49974)
keepdims failed. Worker process NumPy version: 1.21.5 (PID: 49973)
keepdims failed. Worker process NumPy version: 1.21.5 (PID: 49977)
keepdims failed. Worker process NumPy version: 1.21.5 (PID: 49980)
keepdims failed. Worker process NumPy version: 1.21.5 (PID: 49972)
Networks estimated ... proceed to save data
Working on zmb_dhs18
keepdims failed. Worker process NumPy version: 1.21.5 (PID: 50263)
keepdims failed. Worker process NumPy version: 1.21.5 (PID: 50264)
keepdims failed. Worker process NumPy version: 1.21.5 (PID: 50269)
keepdims failed. Worker process NumPy version: 1.21.5 (PID: 50261)
keepdims failed. Worker process NumPy version: 1.21.5 (PID: 50266)
keepdims failed. Worker process NumPy version: 1.21.5 (PID: 50268)
Networks estimated ... proceed to save data
keepdims failed. Worker process NumPy version: 1.21.5 (PID: 50550)
keepdims failed. Worker process NumPy version: 1.21.5 (PID: 50544)
keepdims failed. Worker process NumPy version: 1.21.5 (PID: 50545)
keepdims failed. Worker process NumPy version: 1.21.5 (PID: 50546)
keepdims failed. Worker process NumPy version: 1.21.5 (PID: 50547)
keepdims failed. Worker process NumPy version: 1.21.5 (PID: 50549)
Networks estimated ... proceed to save data
Working on guy_mics19-20
keepdims failed. Worker process NumPy version: 1.21.5 (PID: 51223)
keepdims failed. Worker process NumPy version: 1.21.5 (PID: 51227)
keepdims failed. Worker process NumPy version: 1.21.5 (PID: 51232)
keepdims failed. Worker process NumPy version: 1.21.5 (PID: 51228)
keepdims failed. Worker process NumPy version: 1.21.5 (PID: 51224)
keepdims failed. Worker process NumPy version: 1.21.5 (PID: 51230)
Networks estimated ... proceed to save data
keepdims failed. Worker process NumPy version: 1.21.5 (PID: 51457)
keepdims failed. Worker process NumPy version: 1.21.5 (PID: 51456)
Networks estimated ... proceed to save data
Working on mng_mics18
keepdims failed. Worker process NumPy version: 1.21.5 (PID: 51724)
keepdims failed. Worker process NumPy version: 1.21.5 (PID: 51720)
keepdims failed. Worker process NumPy version: 1.21.5 (PID: 51726)
keepdims failed. Worker process NumPy version: 1.21.5 (PID: 51722)
keepdims failed. Worker process NumPy version: 1.21.5 (PID: 51721)
keepdims failed. Worker process NumPy version: 1.21.5 (PID: 51727)
Networks estimated ... proceed to save data
keepdims failed. Worker process NumPy version: 1.21.5 (PID: 51822)
keepdims failed. Worker process NumPy version: 1.21.5 (PID: 51824)
keepdims failed. Worker process NumPy version: 1.21.5 (PID: 51819)
keepdims failed. Worker process NumPy version: 1.21.5 (PID: 51826)
Networks estimated ... proceed to save data
Working on tcd_mics19
keepdims failed. Worker process NumPy version: 1.21.5 (PID: 51933)
keepdims failed. Worker process NumPy version: 1.21.5 (PID: 51929)
keepdims failed. Worker process NumPy version: 1.21.5 (PID: 51924)
Networks estimated ... proceed to save data
keepdims failed. Worker process NumPy version: 1.21.5 (PID: 52265)
keepdims failed. Worker process NumPy version: 1.21.5 (PID: 52266)
keepdims failed. Worker process NumPy version: 1.21.5 (PID: 52264)
keepdims failed. Worker process NumPy version: 1.21.5 (PID: 52263)
keepdims failed. Worker process NumPy version: 1.21.5 (PID: 52272)
Networks estimated ... proceed to save data
Working on bfa_dhs21
keepdims failed. Worker process NumPy version: 1.21.5 (PID: 52648)
keepdims failed. Worker process NumPy version: 1.21.5 (PID: 52647)
keepdims failed. Worker process NumPy version: 1.21.5 (PID: 52643)
keepdims failed. Worker process NumPy version: 1.21.5 (PID: 52639)
keepdims failed. Worker process NumPy version: 1.21.5 (PID: 52641)
keepdims failed. Worker process NumPy version: 1.21.5 (PID: 52644)
Networks estimated ... proceed to save data
keepdims failed. Worker process NumPy version: 1.21.5 (PID: 52755)
keepdims failed. Worker process NumPy version: 1.21.5 (PID: 52746)
keepdims failed. Worker process NumPy version: 1.21.5 (PID: 52748)
keepdims failed. Worker process NumPy version: 1.21.5 (PID: 52747)
keepdims failed. Worker process NumPy version: 1.21.5 (PID: 52750)
Networks estimated ... proceed to save data
Working on mda_mics12
keepdims failed. Worker process NumPy version: 1.21.5 (PID: 52906)
keepdims failed. Worker process NumPy version: 1.21.5 (PID: 52905)
keepdims failed. Worker process NumPy version: 1.21.5 (PID: 52907)
keepdims failed. Worker process NumPy version: 1.21.5 (PID: 52913)
keepdims failed. Worker process NumPy version: 1.21.5 (PID: 529Networks estimated ... proceed to save data
keepdims failed. Worker process NumPy version: 1.21.5 (PID: 53026)
keepdims failed. Worker process NumPy version: 1.21.5 (PID: 53027)
keepdims failed. Worker process NumPy version: 1.21.5 (PID: 53028)
keepdims failed. Worker process NumPy version: 1.21.5 (PID: 53029)
keepdims failed. Worker process NumPy version: 1.21.5 (PID: 53030)
keepdims failed. Worker process NumPy version: 1.21.5 (PID: 53031)
keepdims failed. Worker process NumPy version: 1.21.5 (PID: 53035)
Networks estimated ... proceed to save data
Working on eth_dhs19
keepdims failed. Worker process NumPy version: 1.21.5 (PID: 53240)
keepdims failed. Worker process NumPy version: 1.21.5 (PID: 53239)
keepdims failed. Worker process NumPy version: 1.21.5 (PID: 53232)
keepdims failed. Worker process NumPy version: 1.21.5 (PID: 53234)
keepdims failed. Worker process NumPy version: 1.21.5 (PID: 53236)
keepdims failed. Worker process NumPy version: 1.21.5 (PID: 53238)
Networks estimated ... proceed to save data
keepdims failed. Worker process NumPy version: 1.21.5 (PID: 53373)
keepdims failed. Worker process NumPy version: 1.21.5 (PID: 53381)
keepdims failed. Worker process NumPy version: 1.21.5 (PID: 53374)
keepdims failed. Worker process NumPy version: 1.21.5 (PID: 53375)
keepdims failed. Worker process NumPy version: 1.21.5 (PID: 53376)
keepdims failed. Worker process NumPy version: 1.21.5 (PID: 53377)
Networks estimated ... proceed to save data
Working on zwe_mics19
keepdims failed. Worker process NumPy version: 1.21.5 (PID: 53523)
keepdims failed. Worker process NumPy version: 1.21.5 (PID: 53526)
keepdims failed. Worker process NumPy version: 1.21.5 (PID: 53521)
Networks estimated ... proceed to save data
keepdims failed. Worker process NumPy version: 1.21.5 (PID: 53727)
keepdims failed. Worker process NumPy version: 1.21.5 (PID: 53724)
keepdims failed. Worker process NumPy version: 1.21.5 (PID: 53725)
keepdims failed. Worker process NumPy version: 1.21.5 (PID: 53726)
Networks estimated ... proceed to save data
Working on ner_dhs12
keepdims failed. Worker process NumPy version: 1.21.5 (PID: 54669)
keepdims failed. Worker process NumPy version: 1.21.5 (PID: 54661)
keepdims failed. Worker process NumPy version: 1.21.5 (PID: 54664)
keepdims failed. Worker process NumPy version: 1.21.5 (PID: 54670)
Networks estimated ... proceed to save data
keepdims failed. Worker process NumPy version: 1.21.5 (PID: 54735)
keepdims failed. Worker process NumPy version: 1.21.5 (PID: 54736)
keepdims failed. Worker process NumPy version: 1.21.5 (PID: 54738)
Networks estimated ... proceed to save data
Working on ton_mics19
keepdims failed. Worker process NumPy version: 1.21.5 (PID: 54812)
keepdims failed. Worker process NumPy version: 1.21.5 (PID: 54808)
Networks estimated ... proceed to save data
keepdims failed. Worker process NumPy version: 1.21.5 (PID: 54837)
keepdims failed. Worker process NumPy version: 1.21.5 (PID: 54834)
keepdims failed. Worker process NumPy version: 1.21.5 (PID: 54835)
keepdims failed. Worker process NumPy version: 1.21.5 (PID: 54836)
keepdims failed. Worker process NumPy version: 1.21.5 (PID: 54841)
Networks estimated ... proceed to save data
Working on civ_dhs21
keepdims failed. Worker process NumPy version: 1.21.5 (PID: 54890)
keepdims failed. Worker process NumPy version: 1.21.5 (PID: 54896)
keepdims failed. Worker process NumPy version: 1.21.5 (PID: 54899)
keepdims failed. Worker process NumPy version: 1.21.5 (PID: 54897)
Networks estimated ... proceed to save data
keepdims failed. Worker process NumPy version: 1.21.5 (PID: 55154)
keepdims failed. Worker process NumPy version: 1.21.5 (PID: 55161)
keepdims failed. Worker process NumPy version: 1.21.5 (PID: 55163)
keepdims failed. Worker process NumPy version: 1.21.5 (PID: 55156)
keepdims failed. Worker process NumPy version: 1.21.5 (PID: 55155)
Networks estimated ... proceed to save data
Working on sdn_mics14
keepdims failed. Worker process NumPy version: 1.21.5 (PID: 55929)
keepdims failed. Worker process NumPy version: 1.21.5 (PID: 55922)
keepdims failed. Worker process NumPy version: 1.21.5 (PID: 55925)
keepdims failed. Worker process NumPy version: 1.21.5 (PID: 55931)
keepdims failed. Worker process NumPy version: 1.21.5 (PID: 55930)
Networks estimated ... proceed to save data
keepdims failed. Worker process NumPy version: 1.21.5 (PID: 56110)
keepdims failed. Worker process NumPy version: 1.21.5 (PID: 56111)
keepdims failed. Worker process NumPy version: 1.21.5 (PID: 56112)
keepdims failed. Worker process NumPy version: 1.21.5 (PID: 56118)
Networks estimated ... proceed to save data
Working on gab_dhs19-21
keepdims failed. Worker process NumPy version: 1.21.5 (PID: 56424)
keepdims failed. Worker process NumPy version: 1.21.5 (PID: 56426)
keepdims failed. Worker process NumPy version: 1.21.5 (PID: 56425)
keepdims failed. Worker process NumPy version: 1.21.5 (PID: 56423)
keepdims failed. Worker process NumPy version: 1.21.5 (PID: 56427)
Networks estimated ... proceed to save data
keepdims failed. Worker process NumPy version: 1.21.5 (PID: 56590)
keepdims failed. Worker process NumPy version: 1.21.5 (PID: 56592)
keepdims failed. Worker process NumPy version: 1.21.5 (PID: 56591)
keepdims failed. Worker process NumPy version: 1.21.5 (PID: 56594)
keepdims failed. Worker process NumPy version: 1.21.5 (PID: 56599)
Networks estimated ... proceed to save data
Working on kaz_mics15
keepdims failed. Worker process NumPy version: 1.21.5 (PID: 56739)
keepdims failed. Worker process NumPy version: 1.21.5 (PID: 56740)
keepdims failed. Worker process NumPy version: 1.21.5 (PID: 56744)
keepdims failed. Worker process NumPy version: 1.21.5 (PID: 56741)
keepdims failed. Worker process NumPy version: 1.21.5 (PID: 56737)
keepdims failed. Worker process NumPy version: 1.21.5 (PID: 56738)
keepdims failed. Worker process NumPy version: 1.21.5 (PID: 56746)
keepdims failed. Worker process NumPy version: 1.21.5 (PID: 56745)
keepdims failed. Worker process NumPy version: 1.21.5 (PID: 56743)
Networks estimated ... proceed to save data
keepdims failed. Worker process NumPy version: 1.21.5 (PID: 56807)
Networks estimated ... proceed to save data
Working on tza_dhs22
keepdims failed. Worker process NumPy version: 1.21.5 (PID: 56934)
keepdims failed. Worker process NumPy version: 1.21.5 (PID: 56928)
keepdims failed. Worker process NumPy version: 1.21.5 (PID: 56929)
keepdims failed. Worker process NumPy version: 1.21.5 (PID: 56930)
keepdims failed. Worker process NumPy version: 1.21.5 (PID: 56932)
keepdims failed. Worker process NumPy version: 1.21.5 (PID: 56935)
Networks estimated ... proceed to save data
keepdims failed. Worker process NumPy version: 1.21.5 (PID: 57100)
keepdims failed. Worker process NumPy version: 1.21.5 (PID: 57103)
keepdims failed. Worker process NumPy version: 1.21.5 (PID: 57101)
keepdims failed. Worker process NumPy version: 1.21.5 (PID: 57105)
Networks estimated ... proceed to save data
Working on cmr_dhs18
keepdims failed. Worker process NumPy version: 1.21.5 (PID: 57287)
Networks estimated ... proceed to save data
keepdims failed. Worker process NumPy version: 1.21.5 (PID: 57383)
keepdims failed. Worker process NumPy version: 1.21.5 (PID: 57381)
keepdims failed. Worker process NumPy version: 1.21.5 (PID: 57382)
keepdims failed. Worker process NumPy version: 1.21.5 (PID: 57389)
keepdims failed. Worker process NumPy version: 1.21.5 (PID: 57384)
keepdims failed. Worker process NumPy version: 1.21.5 (PID: 57386)
keepdims failed. Worker process NumPy version: 1.21.5 (PID: 57390)
Networks estimated ... proceed to save data
Working on mrt_dhs19-21
keepdims failed. Worker process NumPy version: 1.21.5 (PID: 57495)
keepdims failed. Worker process NumPy version: 1.21.5 (PID: 57494)
keepdims failed. Worker process NumPy version: 1.21.5 (PID: 57497)
Networks estimated ... proceed to save data
keepdims failed. Worker process NumPy version: 1.21.5 (PID: 57727)
keepdims failed. Worker process NumPy version: 1.21.5 (PID: 57728)
keepdims failed. Worker process NumPy version: 1.21.5 (PID: 57730)
keepdims failed. Worker process NumPy version: 1.21.5 (PID: 57729)
Networks estimated ... proceed to save data
Working on geo_mics18
keepdims failed. Worker process NumPy version: 1.21.5 (PID: 57936)
keepdims failed. Worker process NumPy version: 1.21.5 (PID: 57935)
keepdims failed. Worker process NumPy version: 1.21.5 (PID: 57934)
keepdims failed. Worker process NumPy version: 1.21.5 (PID: 57937)
Networks estimated ... proceed to save data
keepdims failed. Worker process NumPy version: 1.21.5 (PID: 58009)
keepdims failed. Worker process NumPy version: 1.21.5 (PID: 58007)
keepdims failed. Worker process NumPy version: 1.21.5 (PID: 58008)
keepdims failed. Worker process NumPy version: 1.21.5 (PID: 58010)
keepdims failed. Worker process NumPy version: 1.21.5 (PID: 58012)
Networks estimated ... proceed to save data
Working on kir_mics18-19
keepdims failed. Worker process NumPy version: 1.21.5 (PID: 58089)
keepdims failed. Worker process NumPy version: 1.21.5 (PID: 58096)
keepdims failed. Worker process NumPy version: 1.21.5 (PID: 58092)
keepdims failed. Worker process NumPy version: 1.21.5 (PID: 58091)
keepdims failed. Worker process NumPy version: 1.21.5 (PID: 58094)
keepdims failed. Worker process NumPy version: 1.21.5 (PID: 58093)
Networks estimated ... proceed to save data
keepdims failed. Worker process NumPy version: 1.21.5 (PID: 58254)
keepdims failed. Worker process NumPy version: 1.21.5 (PID: 58252)
keepdims failed. Worker process NumPy version: 1.21.5 (PID: 58251)
keepdims failed. Worker process NumPy version: 1.21.5 (PID: 58253)
keepdims failed. Worker process NumPy version: 1.21.5 (PID: 58258)
Networks estimated ... proceed to save data
Working on irq_mics18
keepdims failed. Worker process NumPy version: 1.21.5 (PID: 58332)
keepdims failed. Worker process NumPy version: 1.21.5 (PID: 58328)
keepdims failed. Worker process NumPy version: 1.21.5 (PID: 58336)
keepdims failed. Worker process NumPy version: 1.21.5 (PID: 58331)
keepdims failed. Worker process NumPy version: 1.21.5 (PID: 58333)
keepdims failed. Worker process NumPy version: 1.21.5 (PID: 58337)
keepdims failed. Worker process NumPy version: 1.21.5 (PID: 58334)
Networks estimated ... proceed to save data
keepdims failed. Worker process NumPy version: 1.21.5 (PID: 58480)
keepdims failed. Worker process NumPy version: 1.21.5 (PID: 58481)
keepdims failed. Worker process NumPy version: 1.21.5 (PID: 58483)
keepdims failed. Worker process NumPy version: 1.21.5 (PID: 58484)
keepdims failed. Worker process NumPy version: 1.21.5 (PID: 58482)
keepdims failed. Worker process NumPy version: 1.21.5 (PID: 58486)
Networks estimated ... proceed to save data
Working on ben_mics21-22
keepdims failed. Worker process NumPy version: 1.21.5 (PID: 58740)
keepdims failed. Worker process NumPy version: 1.21.5 (PID: 58736)
keepdims failed. Worker process NumPy version: 1.21.5 (PID: 58738)
keepdims failed. Worker process NumPy version: 1.21.5 (PID: 58741)
Networks estimated ... proceed to save data
keepdims failed. Worker process NumPy version: 1.21.5 (PID: 58964)
keepdims failed. Worker process NumPy version: 1.21.5 (PID: 58963)
keepdims failed. Worker process NumPy version: 1.21.5 (PID: 58965)
keepdims failed. Worker process NumPy version: 1.21.5 (PID: 58968)
keepdims failed. Worker process NumPy version: 1.21.5 (PID: 58970)
keepdims failed. Worker process NumPy version: 1.21.5 (PID: 58969)
keepdims failed. Worker process NumPy version: 1.21.5 (PID: 58971)
Networks estimated ... proceed to save data
Working on moz_dhs22-23
keepdims failed. Worker process NumPy version: 1.21.5 (PID: 59233)
keepdims failed. Worker process NumPy version: 1.21.5 (PID: 59225)
keepdims failed. Worker process NumPy version: 1.21.5 (PID: 59226)
keepdims failed. Worker process NumPy version: 1.21.5 (PID: 59230)
keepdims failed. Worker process NumPy version: 1.21.5 (PID: 59232)
Networks estimated ... proceed to save data
keepdims failed. Worker process NumPy version: 1.21.5 (PID: 59298)
keepdims failed. Worker process NumPy version: 1.21.5 (PID: 59305)
keepdims failed. Worker process NumPy version: 1.21.5 (PID: 59300)
keepdims failed. Worker process NumPy version: 1.21.5 (PID: 59304)
Networks estimated ... proceed to save data
Working on mdg_dhs21
keepdims failed. Worker process NumPy version: 1.21.5 (PID: 59424)
keepdims failed. Worker process NumPy version: 1.21.5 (PID: 59422)
keepdims failed. Worker process NumPy version: 1.21.5 (PID: 59416)
keepdims failed. Worker process NumPy version: 1.21.5 (PID: 59418)
Networks estimated ... proceed to save data
keepdims failed. Worker process NumPy version: 1.21.5 (PID: 59549)
keepdims failed. Worker process NumPy version: 1.21.5 (PID: 59551)
keepdims failed. Worker process NumPy version: 1.21.5 (PID: 59556)
keepdims failed. Worker process NumPy version: 1.21.5 (PID: 59550)
keepdims failed. Worker process NumPy version: 1.21.5 (PID: 59557)
Networks estimated ... proceed to save data
Working on fji_mics21
keepdims failed. Worker process NumPy version: 1.21.5 (PID: 59694)
keepdims failed. Worker process NumPy version: 1.21.5 (PID: 59696)
keepdims failed. Worker process NumPy version: 1.21.5 (PID: 59698)
keepdims failed. Worker process NumPy version: 1.21.5 (PID: 59695)
keepdims failed. Worker process NumPy version: 1.21.5 (PID: 59702)
Networks estimated ... proceed to save data
keepdims failed. Worker process NumPy version: 1.21.5 (PID: 59774)
keepdims failed. Worker process NumPy version: 1.21.5 (PID: 59773)
keepdims failed. Worker process NumPy version: 1.21.5 (PID: 59775)
keepdims failed. Worker process NumPy version: 1.21.5 (PID: 59779)
Networks estimated ... proceed to save data
Working on lbr_dhs19-20
keepdims failed. Worker process NumPy version: 1.21.5 (PID: 59857)
keepdims failed. Worker process NumPy version: 1.21.5 (PID: 59853)
keepdims failed. Worker process NumPy version: 1.21.5 (PID: 59851)
keepdims failed. Worker process NumPy version: 1.21.5 (PID: 59849)
Networks estimated ... proceed to save data
keepdims failed. Worker process NumPy version: 1.21.5 (PID: 59935)
keepdims failed. Worker process NumPy version: 1.21.5 (PID: 59929)
keepdims failed. Worker process NumPy version: 1.21.5 (PID: 59930)
keepdims failed. Worker process NumPy version: 1.21.5 (PID: 59931)
keepdims failed. Worker process NumPy version: 1.21.5 (PID: 59927)
Networks estimated ... proceed to save data
Working on blz_mics15-16
keepdims failed. Worker process NumPy version: 1.21.5 (PID: 59995)
keepdims failed. Worker process NumPy version: 1.21.5 (PID: 59992)
keepdims failed. Worker process NumPy version: 1.21.5 (PID: 59994)
Networks estimated ... proceed to save data
keepdims failed. Worker process NumPy version: 1.21.5 (PID: 60123)
keepdims failed. Worker process NumPy version: 1.21.5 (PID: 60126)
keepdims failed. Worker process NumPy version: 1.21.5 (PID: 60124)
keepdims failed. Worker process NumPy version: 1.21.5 (PID: 60125)
keepdims failed. Worker process NumPy version: 1.21.5 (PID: 60131)
keepdims failed. Worker process NumPy version: 1.21.5 (PID: 60132)
keepdims failed. Worker process NumPy version: 1.21.5 (PID: 60129)
Networks estimated ... proceed to save data
Working on kgz_mics18
keepdims failed. Worker process NumPy version: 1.21.5 (PID: 61020)
keepdims failed. Worker process NumPy version: 1.21.5 (PID: 61019)
keepdims failed. Worker process NumPy version: 1.21.5 (PID: 61016)
Networks estimated ... proceed to save data
keepdims failed. Worker process NumPy version: 1.21.5 (PID: 61122)
keepdims failed. Worker process NumPy version: 1.21.5 (PID: 61118)
keepdims failed. Worker process NumPy version: 1.21.5 (PID: 61119)
keepdims failed. Worker process NumPy version: 1.21.5 (PID: 61120)
keepdims failed. Worker process NumPy version: 1.21.5 (PID: 61127)
keepdims failed. Worker process NumPy version: 1.21.5 (PID: 61126)
Networks estimated ... proceed to save data
Working on arg_mics19-20
keepdims failed. Worker process NumPy version: 1.21.5 (PID: 61188)
keepdims failed. Worker process NumPy version: 1.21.5 (PID: 61189)
keepdims failed. Worker process NumPy version: 1.21.5 (PID: 61190)
keepdims failed. Worker process NumPy version: 1.21.5 (PID: 61196)
keepdims failed. Worker process NumPy version: 1.21.5 (PID: 61191)
keepdims failed. Worker process NumPy version: 1.21.5 (PID: 61195)
Networks estimated ... proceed to save data
keepdims failed. Worker process NumPy version: 1.21.5 (PID: 61286)
keepdims failed. Worker process NumPy version: 1.21.5 (PID: 61288)
keepdims failed. Worker process NumPy version: 1.21.5 (PID: 61284)
keepdims failed. Worker process NumPy version: 1.21.5 (PID: 61285)
Networks estimated ... proceed to save data
Working on gmb_dhs19-20
keepdims failed. Worker process NumPy version: 1.21.5 (PID: 61407)
keepdims failed. Worker process NumPy version: 1.21.5 (PID: 61416)
keepdims failed. Worker process NumPy version: 1.21.5 (PID: 61411)
keepdims failed. Worker process NumPy version: 1.21.5 (PID: 61409)
keepdims failed. Worker process NumPy version: 1.21.5 (PID: 61410)
Networks estimated ... proceed to save data
keepdims failed. Worker process NumPy version: 1.21.5 (PID: 61456)
keepdims failed. Worker process NumPy version: 1.21.5 (PID: 61448)
keepdims failed. Worker process NumPy version: 1.21.5 (PID: 61450)
keepdims failed. Worker process NumPy version: 1.21.5 (PID: 61449)
keepdims failed. Worker process NumPy version: 1.21.5 (PID: 61452)
Networks estimated ... proceed to save data
Working on nam_dhs13
keepdims failed. Worker process NumPy version: 1.21.5 (PID: 61527)
keepdims failed. Worker process NumPy version: 1.21.5 (PID: 61533)
keepdims failed. Worker process NumPy version: 1.21.5 (PID: 61529)
keepdims failed. Worker process NumPy version: 1.21.5 (PID: 61531)
Networks estimated ... proceed to save data
keepdims failed. Worker process NumPy version: 1.21.5 (PID: 61626)
keepdims failed. Worker process NumPy version: 1.21.5 (PID: 61629)
keepdims failed. Worker process NumPy version: 1.21.5 (PID: 61627)
keepdims failed. Worker process NumPy version: 1.21.5 (PID: 61628)
keepdims failed. Worker process NumPy version: 1.21.5 (PID: 61635)
keepdims failed. Worker process NumPy version: 1.21.5 (PID: 61630)
keepdims failed. Worker process NumPy version: 1.21.5 (PID: 61634)
Networks estimated ... proceed to save data
